\BOOKMARK [1][-]{section.1}{introduction}{}% 1
\BOOKMARK [2][-]{subsection.1.1}{how is lab 3 going}{section.1}% 2
\BOOKMARK [2][-]{subsection.1.2}{road map}{section.1}% 3
\BOOKMARK [2][-]{subsection.1.3}{what we have seen so far}{section.1}% 4
\BOOKMARK [2][-]{subsection.1.4}{spark}{section.1}% 5
\BOOKMARK [2][-]{subsection.1.5}{issues with spark}{section.1}% 6
\BOOKMARK [1][-]{section.2}{dask}{}% 7
\BOOKMARK [2][-]{subsection.2.1}{intro}{section.2}% 8
\BOOKMARK [2][-]{subsection.2.2}{delayed computation abd task graphs}{section.2}% 9
\BOOKMARK [2][-]{subsection.2.3}{collections in dask}{section.2}% 10
\BOOKMARK [2][-]{subsection.2.4}{bags}{section.2}% 11
\BOOKMARK [2][-]{subsection.2.5}{dask bags vs spark rdds}{section.2}% 12
\BOOKMARK [2][-]{subsection.2.6}{common work flow}{section.2}% 13
\BOOKMARK [2][-]{subsection.2.7}{slido bag question}{section.2}% 14
\BOOKMARK [2][-]{subsection.2.8}{bag folding vs grouping}{section.2}% 15
\BOOKMARK [2][-]{subsection.2.9}{data frames}{section.2}% 16
\BOOKMARK [1][-]{section.3}{arrays}{}% 17
\BOOKMARK [2][-]{subsection.3.1}{arrays}{section.3}% 18
\BOOKMARK [2][-]{subsection.3.2}{chunking example}{section.3}% 19
\BOOKMARK [2][-]{subsection.3.3}{things that chunks are bad at}{section.3}% 20
\BOOKMARK [1][-]{section.4}{wrap up}{}% 21
