"Action 1972"	1
"Action 1999"	26
"Action 2007"	41
"Adventure 1943"	1
"Adventure 1972"	2
"Adventure 1999"	14
"Adventure 2007"	26
"Animation 1954"	1
"Animation 1983"	5
"Animation 2018"	3
"Children 1964"	1
"Children 1993"	13
"Children 2001"	10
"Comedy 1924"	1
"Comedy 1953"	7
"Comedy 1982"	25
"Comedy 2017"	54
"Crime 1954"	4
"Crime 1983"	8
"Crime 2018"	6
"Documentary 1971"	1
"Documentary 1998"	8
"Documentary 2006"	16
"Drama 1930"	2
"Drama 1957"	9
"Drama 1986"	40
"Fantasy 1965"	2
"Fantasy 1994"	5
"Fantasy 2002"	16
"Film-Noir 1955"	3
"Film-Noir 1984"	1
"Horror 1954"	2
"Horror 1983"	13
"Horror 2018"	4
"IMAX 1999"	1
"IMAX 2007"	6
"Musical 1928"	1
"Musical 1930"	1
"Musical 1957"	2
"Musical 1986"	4
"Mystery 1957"	1
"Mystery 1986"	4
"Romance 1957"	3
"Romance 1986"	13
"Sci-Fi 1975"	2
"Sci-Fi 2012"	21
"Thriller 1924"	1
"Thriller 1953"	4
"Thriller 1982"	11
"Thriller 2017"	21
"War 1934"	1
"War 1992"	2
"War 2000"	6
"Western 1940"	2
"Western 1967"	1
"Western 1996"	1
"Western 2004"	3
"(no genres listed) 1977"	1
"Action 1975"	7
"Action 2012"	47
"Adventure 1946"	1
"Adventure 1975"	4
"Adventure 2012"	20
"Animation 1928"	1
"Animation 1986"	6
"Children 1938"	1
"Children 1940"	2
"Children 1967"	2
"Children 1996"	21
"Children 2004"	15
"Comedy 1927"	1
"Comedy 1956"	2
"Comedy 1985"	44
"Crime 1986"	16
"Documentary 1974"	2
"Documentary 2009"	9
"Documentary 2011"	21
"Drama 1933"	4
"Drama 1962"	19
"Drama 1989"	51
"Drama 1991"	51
"Fantasy 1941"	1
"Fantasy 1968"	2
"Fantasy 1970"	1
"Fantasy 1997"	12
"Fantasy 2005"	17
"Film-Noir 1931"	1
"Film-Noir 1958"	1
"Film-Noir 1987"	2
"Horror 1957"	1
"Horror 1986"	19
"IMAX 2012"	18
"Musical 1933"	4
"Musical 1962"	2
"Musical 1989"	2
"Musical 1991"	5
"Mystery 1989"	5
"Mystery 1991"	8
"Romance 1933"	4
"Romance 1962"	5
"Romance 1989"	12
"Romance 1991"	25
"Sci-Fi 1951"	1
"Sci-Fi 1978"	6
"Sci-Fi 1980"	13
"Sci-Fi 2015"	41
"Thriller 1956"	1
"Thriller 1985"	16
"War 1937"	1
"War 1966"	3
"War 1995"	11
"War 2003"	9
"Western 1972"	2
"Western 1999"	2
"Western 2007"	2
""	15
"(no genres listed) 2017"	4
"Action 1949"	1
"Action 1951"	1
"Action 1978"	13
"Action 1980"	12
"Action 2015"	62
"Adventure 1949"	1
"Adventure 1951"	2
"Adventure 1978"	6
"Adventure 1980"	8
"Adventure 2015"	44
"Animation 1989"	7
"Animation 1991"	5
"Children 1972"	1
"Children 1999"	10
"Children 2007"	11
"Comedy 1932"	3
"Comedy 1959"	4
"Comedy 1961"	7
"Comedy 1988"	65
"Comedy 1990"	53
"Crime 1962"	2
"Crime 1989"	17
"Crime 1991"	15
"Documentary 1977"	2
"Documentary 2014"	13
"Drama 1936"	6
"Drama 1965"	13
"Drama 1994"	87
"Drama 2002"	122
"Fantasy 1973"	2
"Fantasy 2008"	20
"Fantasy 2010"	20
"Film-Noir 1963"	1
"Film-Noir 1992"	2
"Horror 1933"	1
"Horror 1962"	3
"Horror 1989"	7
"Horror 1991"	6
"IMAX 2015"	1
"Musical 1936"	3
"Musical 1965"	2
"Musical 1994"	1
"Musical 2002"	11
"Mystery 1936"	1
"Mystery 1965"	2
"Mystery 1994"	3
"Mystery 2002"	16
"Romance 1936"	10
"Romance 1965"	4
"Romance 1994"	32
"Romance 2002"	46
"Sci-Fi 1954"	2
"Sci-Fi 1983"	8
"Sci-Fi 2018"	13
"Thriller 1959"	1
"Thriller 1988"	22
"Thriller 1990"	26
"War 1942"	3
"War 1969"	2
"War 1971"	1
"War 1998"	6
"War 2006"	8
"Western 1946"	1
"Western 2012"	1
"Action 1954"	1
"Action 1983"	15
"Action 2018"	15
"Adventure 1925"	1
"Adventure 1954"	1
"Adventure 1983"	8
"Adventure 2018"	12
"Animation 1965"	2
"Animation 1994"	7
"Animation 2002"	11
"Children 1946"	2
"Children 1975"	1
"Children 2012"	9
"Comedy 1935"	5
"Comedy 1964"	10
"Comedy 1993"	66
"Comedy 2001"	104
"Crime 1936"	1
"Crime 1965"	4
"Crime 1994"	20
"Crime 2002"	44
"Documentary 1982"	3
"Documentary 2017"	9
"Drama 1939"	10
"Drama 1941"	7
"Drama 1968"	15
"Drama 1970"	12
"Drama 1997"	104
"Drama 2005"	104
"Fantasy 1976"	2
"Fantasy 2013"	22
"Film-Noir 1937"	1
"Film-Noir 1995"	1
"Horror 1965"	2
"Horror 1994"	12
"Horror 2002"	24
"Musical 1939"	1
"Musical 1941"	2
"Musical 1968"	7
"Musical 1970"	1
"Musical 1997"	6
"Musical 2005"	7
"Mystery 1939"	1
"Mystery 1941"	3
"Mystery 1968"	2
"Mystery 1997"	19
"Mystery 2005"	10
"Romance 1939"	8
"Romance 1941"	5
"Romance 1968"	3
"Romance 1970"	2
"Romance 1997"	44
"Romance 2005"	37
"Sci-Fi 1957"	3
"Sci-Fi 1986"	15
"Thriller 1964"	5
"Thriller 1993"	22
"Thriller 2001"	40
"War 1945"	1
"War 2009"	6
"War 2011"	5
"Western 1949"	2
"Western 1978"	1
"Western 1980"	1
"Western 2015"	4
"(no genres listed) 1990"	1
"Action 1930"	1
"Action 1957"	2
"Action 1986"	21
"Adventure 1957"	1
"Adventure 1986"	18
"Animation 1939"	2
"Animation 1941"	1
"Animation 1968"	6
"Animation 1970"	1
"Animation 1997"	9
"Animation 2005"	14
"Children 1949"	1
"Children 1951"	1
"Children 1978"	3
"Children 1980"	1
"Children 2015"	13
"Comedy 1938"	8
"Comedy 1940"	6
"Comedy 1967"	8
"Comedy 1996"	90
"Comedy 2004"	91
"Crime 1939"	1
"Crime 1941"	2
"Crime 1968"	2
"Crime 1970"	2
"Crime 1997"	30
"Crime 2005"	32
"Documentary 1985"	4
"Drama 1944"	9
"Drama 1973"	22
"Drama 2008"	85
"Drama 2010"	80
"Fantasy 1979"	2
"Fantasy 1981"	6
"Fantasy 2016"	22
"Film-Noir 1942"	2
"Film-Noir 1998"	1
"Film-Noir 2006"	1
"Horror 1941"	1
"Horror 1968"	4
"Horror 1970"	1
"Horror 1997"	15
"Horror 2005"	25
"Musical 1944"	2
"Musical 1973"	2
"Musical 2008"	9
"Musical 2010"	4
"Mystery 1944"	2
"Mystery 1973"	1
"Mystery 2008"	11
"Mystery 2010"	13
"Romance 1944"	3
"Romance 1973"	2
"Romance 2008"	35
"Romance 2010"	34
"Sci-Fi 1962"	1
"Sci-Fi 1989"	12
"Sci-Fi 1991"	12
"Thriller 1938"	1
"Thriller 1940"	3
"Thriller 1967"	4
"Thriller 1996"	46
"Thriller 2004"	42
"War 1948"	1
"War 1950"	1
"War 1977"	2
"War 2014"	7
"Western 1954"	1
"Western 1983"	1
"Action 1933"	1
"Action 1962"	3
"Action 1989"	27
"Action 1991"	23
"Adventure 1933"	2
"Adventure 1962"	7
"Adventure 1989"	10
"Adventure 1991"	16
"Animation 1973"	4
"Animation 2008"	21
"Animation 2010"	16
"Children 1983"	3
"Children 2018"	3
"Comedy 1972"	9
"Comedy 1999"	97
"Comedy 2007"	87
"Crime 1944"	2
"Crime 1973"	12
"Crime 2008"	31
"Crime 2010"	19
"Documentary 1988"	2
"Documentary 1990"	1
"Drama 1947"	6
"Drama 1976"	13
"Drama 2013"	76
"Fantasy 1926"	1
"Fantasy 1984"	7
"Film-Noir 1945"	2
"Film-Noir 1974"	1
"Film-Noir 2011"	2
"Horror 1973"	4
"Horror 2008"	16
"Horror 2010"	18
"IMAX 1991"	1
"Musical 1947"	1
"Musical 1976"	1
"Musical 2013"	1
"Mystery 1947"	1
"Mystery 1976"	2
"Mystery 2013"	14
"Romance 1947"	3
"Romance 1976"	4
"Romance 2013"	24
"Sci-Fi 1965"	2
"Sci-Fi 1994"	9
"Sci-Fi 2002"	24
"Thriller 1943"	1
"Thriller 1972"	4
"Thriller 1999"	33
"Thriller 2007"	56
"War 1953"	2
"War 2017"	3
"Western 1957"	1
"Western 1986"	1
"(no genres listed) 1996"	1
"Action 1965"	7
"Action 1994"	28
"Action 2002"	39
"Adventure 1936"	1
"Adventure 1965"	7
"Adventure 1994"	20
"Adventure 2002"	31
"Animation 2013"	20
"Children 1928"	1
"Children 1957"	1
"Children 1986"	7
"Comedy 1975"	8
"Comedy 2012"	80
"Crime 1947"	5
"Crime 1976"	5
"Crime 2013"	25
"Documentary 1964"	1
"Documentary 1993"	1
"Documentary 2001"	11
"Drama 1952"	5
"Drama 1979"	24
"Drama 1981"	22
"Drama 2016"	69
"Fantasy 1960"	1
"Fantasy 1987"	12
"Film-Noir 1948"	2
"Film-Noir 1950"	3
"Horror 1976"	3
"Horror 2013"	18
"IMAX 1994"	1
"IMAX 2002"	2
"Musical 1952"	1
"Musical 1979"	3
"Musical 1981"	2
"Mystery 1979"	2
"Mystery 1981"	6
"Mystery 2016"	8
"Romance 1923"	1
"Romance 1952"	5
"Romance 1979"	5
"Romance 1981"	7
"Romance 2016"	18
"Sci-Fi 1968"	7
"Sci-Fi 1970"	1
"Sci-Fi 1997"	16
"Sci-Fi 2005"	14
"Thriller 1946"	3
"Thriller 1975"	4
"Thriller 2012"	43
"War 1956"	1
"War 1985"	5
"Western 1962"	2
"Western 1989"	1
"Western 1991"	1
"(no genres listed) 2007"	1
"Action 1939"	1
"Action 1968"	6
"Action 1970"	4
"Action 1997"	40
"Action 2005"	44
"Adventure 1939"	3
"Adventure 1941"	1
"Adventure 1968"	8
"Adventure 1970"	1
"Adventure 1997"	20
"Adventure 2005"	31
"Animation 1979"	3
"Animation 1981"	3
"Animation 2016"	22
"Children 1933"	1
"Children 1962"	1
"Children 1989"	4
"Children 1991"	5
"Comedy 1949"	6
"Comedy 1951"	2
"Comedy 1978"	15
"Comedy 1980"	19
"Comedy 2015"	101
"Crime 1979"	4
"Crime 1981"	5
"Crime 2016"	15
"Documentary 1967"	1
"Documentary 1996"	9
"Documentary 2004"	22
"Drama 1926"	3
"Drama 1955"	15
"Drama 1984"	19
"Fantasy 1934"	1
"Fantasy 1963"	2
"Fantasy 1992"	9
"Fantasy 2000"	12
"Film-Noir 1953"	1
"Horror 1979"	7
"Horror 1981"	12
"Horror 2016"	16
"IMAX 1997"	1
"IMAX 2005"	4
"Musical 1955"	2
"Musical 1984"	5
"Mystery 1955"	3
"Mystery 1984"	2
"Romance 1955"	7
"Romance 1984"	9
"Sci-Fi 1973"	7
"Sci-Fi 2008"	28
"Sci-Fi 2010"	18
"Thriller 1949"	2
"Thriller 1951"	1
"Thriller 1978"	6
"Thriller 1980"	6
"Thriller 2015"	56
"War 1959"	4
"War 1961"	1
"War 1988"	6
"War 1990"	7
"Western 1936"	1
"Western 1965"	4
"Western 1994"	7
"Western 2002"	2
"Action 1973"	10
"Action 2008"	60
"Action 2010"	52
"Adventure 1944"	1
"Adventure 1973"	6
"Adventure 2008"	38
"Adventure 2010"	23
"Animation 1955"	1
"Animation 1984"	3
"Children 1965"	3
"Children 1994"	14
"Children 2002"	16
"Comedy 1954"	3
"Comedy 1983"	26
"Comedy 2018"	15
"Crime 1955"	7
"Crime 1984"	6
"Documentary 1999"	11
"Documentary 2007"	14
"Drama 1931"	7
"Drama 1958"	7
"Drama 1960"	11
"Drama 1987"	45
"Fantasy 1937"	1
"Fantasy 1966"	1
"Fantasy 1995"	11
"Fantasy 2003"	13
"Film-Noir 1956"	1
"Horror 1926"	1
"Horror 1955"	2
"Horror 1984"	8
"IMAX 2008"	5
"IMAX 2010"	14
"Musical 1931"	1
"Musical 1958"	3
"Musical 1960"	2
"Musical 1987"	1
"Mystery 1958"	1
"Mystery 1960"	1
"Mystery 1987"	6
"Romance 1931"	2
"Romance 1958"	5
"Romance 1960"	3
"Romance 1987"	21
"Sci-Fi 1976"	3
"Sci-Fi 2013"	28
"Thriller 1954"	4
"Thriller 1983"	12
"Thriller 2018"	13
"War 1964"	5
"War 1993"	5
"War 2001"	11
"Western 1939"	2
"Western 1968"	2
"Western 1970"	2
"(no genres listed) 1980"	1
"(no genres listed) 2015"	3
"Action 1976"	5
"Action 2013"	50
"Adventure 1976"	5
"Adventure 2013"	32
"Animation 1987"	6
"Children 1939"	2
"Children 1941"	1
"Children 1968"	6
"Children 1970"	1
"Children 1997"	22
"Children 2005"	22
"Comedy 1928"	1
"Comedy 1930"	1
"Comedy 1957"	6
"Comedy 1986"	47
"Crime 1931"	2
"Crime 1958"	4
"Crime 1960"	5
"Crime 1987"	16
"Documentary 1975"	1
"Documentary 2012"	7
"Drama 1934"	2
"Drama 1963"	9
"Drama 1992"	57
"Drama 2000"	110
"Fantasy 1969"	4
"Fantasy 1971"	1
"Fantasy 1998"	17
"Fantasy 2006"	26
"Film-Noir 1932"	1
"Film-Noir 1988"	1
"Film-Noir 1990"	1
"Horror 1931"	3
"Horror 1958"	2
"Horror 1960"	6
"Horror 1987"	19
"IMAX 2013"	24
"Musical 1934"	1
"Musical 1992"	3
"Musical 2000"	4
"Mystery 1963"	2
"Mystery 1992"	5
"Mystery 2000"	6
"Romance 1934"	1
"Romance 1963"	3
"Romance 1992"	29
"Romance 2000"	44
"Sci-Fi 1952"	1
"Sci-Fi 1979"	10
"Sci-Fi 1981"	8
"Sci-Fi 2016"	29
"Thriller 1957"	3
"Thriller 1986"	14
"War 1938"	1
"War 1996"	2
"War 2004"	11
"Western 1973"	3
"Western 2008"	3
"Western 2010"	4
"Action 1923"	1
"Action 1979"	11
"Action 1981"	14
"Action 2016"	48
"Adventure 1952"	1
"Adventure 1979"	7
"Adventure 1981"	10
"Adventure 2016"	36
"Animation 1992"	8
"Animation 2000"	14
"Children 1944"	1
"Children 1973"	3
"Children 2008"	18
"Children 2010"	12
"Comedy 1933"	5
"Comedy 1962"	5
"Comedy 1989"	55
"Comedy 1991"	58
"Crime 1963"	3
"Crime 1992"	19
"Crime 2000"	29
"Documentary 1978"	3
"Documentary 1980"	1
"Documentary 2015"	18
"Drama 1937"	9
"Drama 1966"	12
"Drama 1995"	96
"Drama 2003"	98
"Fantasy 1916"	1
"Fantasy 1974"	3
"Fantasy 2009"	25
"Fantasy 2011"	17
"Film-Noir 1993"	1
"Film-Noir 2001"	1
"Horror 1963"	2
"Horror 1992"	12
"Horror 2000"	19
"Musical 1937"	2
"Musical 1966"	2
"Musical 1995"	2
"Musical 2003"	5
"Mystery 1966"	2
"Mystery 1995"	13
"Mystery 2003"	18
"Romance 1937"	3
"Romance 1966"	4
"Romance 1995"	38
"Romance 2003"	41
"Sci-Fi 1955"	2
"Sci-Fi 1984"	11
"Thriller 1962"	4
"Thriller 1989"	16
"Thriller 1991"	19
"War 1943"	1
"War 1972"	1
"War 1999"	3
"War 2007"	10
"(no genres listed) 1957"	1
"Action 1984"	14
"Adventure 1984"	10
"Animation 1908"	1
"Animation 1937"	1
"Animation 1966"	2
"Animation 1995"	12
"Animation 2003"	17
"Children 1976"	1
"Children 2013"	6
"Comedy 1936"	7
"Comedy 1965"	12
"Comedy 1994"	89
"Comedy 2002"	95
"Crime 1937"	2
"Crime 1966"	5
"Crime 1995"	26
"Crime 2003"	39
"Documentary 1983"	4
"Documentary 2018"	2
"Drama 1942"	10
"Drama 1969"	12
"Drama 1971"	15
"Drama 1998"	91
"Drama 2006"	107
"Fantasy 1950"	2
"Fantasy 1977"	6
"Fantasy 2014"	14
"Film-Noir 1938"	1
"Film-Noir 1940"	1
"Film-Noir 1996"	1
"Horror 1966"	1
"Horror 1995"	15
"Horror 2003"	21
"Musical 1942"	2
"Musical 1969"	3
"Musical 1971"	3
"Musical 1998"	5
"Musical 2006"	5
"Mystery 1942"	2
"Mystery 1969"	1
"Mystery 1971"	3
"Mystery 1998"	8
"Mystery 2006"	16
"Romance 1942"	6
"Romance 1969"	3
"Romance 1971"	3
"Romance 1998"	43
"Romance 2006"	40
"Sci-Fi 1931"	1
"Sci-Fi 1958"	2
"Sci-Fi 1960"	2
"Sci-Fi 1987"	18
"Thriller 1936"	2
"Thriller 1965"	4
"Thriller 1994"	26
"Thriller 2002"	61
"War 1946"	1
"War 1975"	1
"War 2012"	5
"Western 1952"	1
"Western 2016"	1
"Action 1960"	2
"Action 1987"	23
"Adventure 1960"	1
"Adventure 1987"	13
"Animation 1942"	1
"Animation 1969"	5
"Animation 1971"	2
"Animation 1998"	12
"Animation 2006"	21
"Children 1979"	1
"Children 1981"	1
"Children 2016"	13
"Comedy 1939"	7
"Comedy 1941"	7
"Comedy 1968"	7
"Comedy 1970"	6
"Comedy 1997"	76
"Comedy 2005"	93
"Crime 1942"	3
"Crime 1969"	2
"Crime 1971"	6
"Crime 1998"	26
"Crime 2006"	29
"Drama 1916"	1
"Drama 1945"	2
"Drama 1974"	11
"Drama 2009"	97
"Drama 2011"	83
"Fantasy 1924"	2
"Fantasy 1953"	1
"Fantasy 1982"	4
"Fantasy 2017"	14
"Horror 1942"	1
"Horror 1969"	1
"Horror 1998"	13
"Horror 2006"	23
"Musical 1945"	1
"Musical 1974"	1
"Musical 2009"	4
"Musical 2011"	2
"Mystery 1945"	5
"Mystery 1974"	3
"Mystery 2009"	17
"Mystery 2011"	13
"Romance 1916"	1
"Romance 1945"	2
"Romance 1974"	4
"Romance 2009"	29
"Romance 2011"	32
"Sci-Fi 1963"	2
"Sci-Fi 1992"	8
"Sci-Fi 2000"	17
"Thriller 1941"	2
"Thriller 1968"	3
"Thriller 1970"	2
"Thriller 1997"	50
"Thriller 2005"	48
"War 1949"	2
"War 1951"	1
"War 1978"	3
"War 1980"	2
"War 2015"	2
"Western 1955"	2
"Action 1963"	3
"Action 1992"	28
"Action 2000"	33
"Adventure 1963"	6
"Adventure 1992"	12
"Adventure 2000"	16
"Animation 1974"	1
"Animation 2009"	26
"Animation 2011"	23
"Children 1955"	1
"Children 1984"	1
"Comedy 1944"	2
"Comedy 1973"	10
"Comedy 2008"	81
"Comedy 2010"	83
"Crime 1945"	2
"Crime 1974"	6
"Crime 2009"	24
"Crime 2011"	20
"Documentary 1962"	1
"Documentary 1989"	2
"Documentary 1991"	3
"Drama 1919"	1
"Drama 1948"	9
"Drama 1950"	9
"Drama 1977"	19
"Drama 2014"	104
"Fantasy 1985"	12
"Film-Noir 1946"	3
"Film-Noir 2012"	1
"Horror 1945"	2
"Horror 1974"	4
"Horror 2009"	28
"Horror 2011"	16
"IMAX 1992"	1
"IMAX 2000"	1
"Musical 1948"	1
"Musical 1950"	2
"Musical 1977"	2
"Musical 2014"	4
"Mystery 1950"	4
"Mystery 1977"	1
"Mystery 2014"	14
"Romance 1948"	1
"Romance 1950"	9
"Romance 1977"	3
"Romance 2014"	30
"Sci-Fi 1908"	1
"Sci-Fi 1966"	3
"Sci-Fi 1995"	18
"Sci-Fi 2003"	17
"Thriller 1944"	3
"Thriller 1973"	10
"Thriller 2008"	43
"Thriller 2010"	40
"War 1925"	1
"War 1983"	2
"Western 1931"	1
"Western 1987"	3
"(no genres listed) 1968"	1
"Action 1937"	1
"Action 1966"	2
"Action 1995"	39
"Action 2003"	50
"Adventure 1937"	2
"Adventure 1966"	3
"Adventure 1995"	24
"Adventure 2003"	25
"Animation 1950"	1
"Animation 1977"	4
"Animation 2014"	14
"Children 1960"	4
"Children 1987"	6
"Comedy 1920"	1
"Comedy 1947"	5
"Comedy 1976"	10
"Comedy 2013"	69
"Crime 1948"	4
"Crime 1950"	1
"Crime 1977"	2
"Crime 2014"	34
"Documentary 1994"	5
"Documentary 2002"	24
"Drama 1924"	2
"Drama 1953"	13
"Drama 1982"	18
"Drama 2017"	42
"Fantasy 1959"	1
"Fantasy 1961"	2
"Fantasy 1988"	12
"Fantasy 1990"	13
"Film-Noir 1949"	3
"Film-Noir 1951"	1
"Horror 1948"	1
"Horror 1977"	7
"Horror 2014"	23
"IMAX 1995"	1
"IMAX 2003"	1
"Musical 1953"	4
"Musical 1982"	4
"Mystery 1953"	1
"Mystery 1982"	5
"Mystery 2017"	6
"Romance 1924"	2
"Romance 1953"	7
"Romance 1982"	5
"Romance 2017"	5
"Sci-Fi 1969"	1
"Sci-Fi 1971"	2
"Sci-Fi 1998"	24
"Sci-Fi 2006"	20
"Thriller 1947"	1
"Thriller 1976"	10
"Thriller 2013"	38
"War 1930"	1
"War 1957"	2
"War 1986"	4
"Western 1963"	1
"Western 1992"	1
"Western 2000"	2
"Action 1942"	1
"Action 1969"	4
"Action 1971"	10
"Action 1998"	36
"Action 2006"	44
"Adventure 1969"	5
"Adventure 1971"	5
"Adventure 1998"	25
"Adventure 2006"	30
"Animation 1953"	2
"Animation 1982"	2
"Animation 2017"	16
"Children 1934"	1
"Children 1963"	1
"Children 1992"	10
"Children 2000"	11
"Comedy 1923"	2
"Comedy 1952"	6
"Comedy 1979"	19
"Comedy 1981"	22
"Comedy 2016"	73
"Crime 1953"	2
"Crime 1982"	4
"Crime 2017"	12
"Documentary 1968"	3
"Documentary 1997"	6
"Documentary 2005"	20
"Drama 1927"	2
"Drama 1956"	10
"Drama 1985"	34
"Fantasy 1964"	4
"Fantasy 1993"	12
"Fantasy 2001"	16
"Film-Noir 1954"	1
"Horror 1953"	1
"Horror 1982"	12
"Horror 2017"	13
"IMAX 1998"	3
"IMAX 2006"	6
"Musical 1956"	2
"Mystery 1985"	6
"Romance 1927"	1
"Romance 1956"	3
"Romance 1985"	19
"Sci-Fi 1974"	2
"Sci-Fi 2009"	42
"Sci-Fi 2011"	29
"Thriller 1979"	6
"Thriller 1981"	11
"Thriller 2016"	41
"War 1933"	1
"War 1962"	2
"War 1989"	5
"War 1991"	1
"Western 1966"	2
"Western 1995"	5
"Western 2003"	1
"(no genres listed) 2013"	2
"Action 1974"	7
"Action 2009"	50
"Action 2011"	47
"Adventure 1974"	2
"Adventure 2009"	34
"Adventure 2011"	34
"Animation 1985"	2
"Children 1937"	2
"Children 1966"	2
"Children 1995"	20
"Children 2003"	19
"Comedy 1955"	4
"Comedy 1984"	33
"Crime 1956"	1
"Crime 1985"	11
"Documentary 2008"	18
"Documentary 2010"	16
"Drama 1932"	4
"Drama 1959"	9
"Drama 1961"	10
"Drama 1988"	51
"Drama 1990"	48
"Fantasy 1938"	1
"Fantasy 1940"	2
"Fantasy 1967"	1
"Fantasy 1996"	11
"Fantasy 2004"	25
"Film-Noir 1957"	1
"Film-Noir 1986"	1
"Horror 1956"	3
"Horror 1985"	13
"IMAX 2009"	9
"IMAX 2011"	17
"Musical 1959"	2
"Musical 1961"	2
"Musical 1988"	5
"Musical 1990"	3
"Mystery 1959"	2
"Mystery 1988"	9
"Mystery 1990"	5
"Romance 1932"	2
"Romance 1959"	6
"Romance 1961"	7
"Romance 1988"	17
"Romance 1990"	23
"Sci-Fi 1977"	3
"Sci-Fi 2014"	28
"Thriller 1955"	5
"Thriller 1984"	8
"War 1965"	4
"War 1994"	4
"War 2002"	4
"Western 1969"	4
"Western 1971"	2
"Western 1998"	2
"Western 2006"	1
"(no genres listed) 2016"	7
"Action 1948"	1
"Action 1950"	1
"Action 1977"	5
"Action 2014"	56
"Adventure 1948"	2
"Adventure 1950"	2
"Adventure 1977"	9
"Adventure 2014"	34
"Animation 1959"	1
"Animation 1961"	1
"Animation 1988"	10
"Animation 1990"	5
"Children 1942"	1
"Children 1969"	4
"Children 1971"	2
"Children 1998"	18
"Children 2006"	19
"Comedy 1931"	3
"Comedy 1958"	9
"Comedy 1960"	4
"Comedy 1987"	66
"Crime 1903"	1
"Crime 1932"	3
"Crime 1959"	2
"Crime 1961"	1
"Crime 1988"	14
"Crime 1990"	19
"Documentary 1976"	1
"Documentary 2013"	7
"Drama 1935"	3
"Drama 1964"	10
"Drama 1993"	75
"Drama 2001"	114
"Fantasy 1943"	1
"Fantasy 1999"	12
"Fantasy 2007"	19
"Film-Noir 1989"	1
"Horror 1932"	1
"Horror 1959"	2
"Horror 1961"	2
"Horror 1988"	20
"Horror 1990"	20
"IMAX 2014"	13
"Musical 1935"	3
"Musical 1964"	2
"Musical 1993"	3
"Musical 2001"	5
"Mystery 1964"	2
"Mystery 1993"	8
"Mystery 2001"	15
"Romance 1935"	4
"Romance 1964"	6
"Romance 1993"	23
"Romance 2001"	55
"Sci-Fi 1924"	1
"Sci-Fi 1953"	1
"Sci-Fi 1982"	9
"Sci-Fi 2017"	18
"Thriller 1931"	1
"Thriller 1958"	3
"Thriller 1960"	3
"Thriller 1987"	15
"War 1939"	2
"War 1941"	1
"War 1968"	3
"War 1970"	6
"War 1997"	6
"War 2005"	11
"Western 1974"	1
"Western 2009"	2
"Western 2011"	2
"Action 1924"	1
"Action 1953"	1
"Action 1982"	12
"Action 2017"	38
"Adventure 1924"	1
"Adventure 1953"	2
"Adventure 1982"	6
"Adventure 2017"	24
"Animation 1964"	1
"Animation 1993"	8
"Animation 2001"	16
"Children 1974"	3
"Children 2009"	15
"Children 2011"	16
"Comedy 1934"	3
"Comedy 1963"	7
"Comedy 1992"	62
"Comedy 2000"	93
"Crime 1964"	1
"Crime 1993"	15
"Crime 2001"	32
"Documentary 2016"	13
"Drama 1938"	7
"Drama 1940"	8
"Drama 1967"	16
"Drama 1996"	97
"Drama 2004"	102
"Fantasy 1946"	2
"Fantasy 1975"	2
"Fantasy 2012"	18
"Film-Noir 1936"	1
"Horror 1964"	2
"Horror 1993"	11
"Horror 2001"	16
"Musical 1938"	1
"Musical 1940"	3
"Musical 1967"	4
"Musical 1996"	8
"Musical 2004"	7
"Mystery 1940"	2
"Mystery 1967"	2
"Mystery 1996"	8
"Mystery 2004"	15
"Romance 1938"	3
"Romance 1940"	6
"Romance 1967"	1
"Romance 1996"	42
"Romance 2004"	41
"Sci-Fi 1927"	1
"Sci-Fi 1956"	5
"Sci-Fi 1985"	16
"Thriller 1963"	5
"Thriller 1992"	25
"Thriller 2000"	44
"War 1944"	3
"War 1973"	1
"War 2008"	12
"War 2010"	7
"Western 1948"	1
"Western 1950"	4
"Western 1977"	1
"Western 2014"	2
"Action 1985"	17
"Adventure 1956"	1
"Adventure 1985"	25
"Animation 1938"	2
"Animation 1940"	2
"Animation 1996"	8
"Animation 2004"	14
"Children 1948"	1
"Children 1950"	2
"Children 1977"	6
"Children 2014"	14
"Comedy 1908"	1
"Comedy 1937"	1
"Comedy 1966"	13
"Comedy 1995"	74
"Comedy 2003"	88
"Crime 1938"	1
"Crime 1967"	4
"Crime 1996"	28
"Crime 2004"	24
"Documentary 1955"	1
"Documentary 1984"	1
"Drama 1943"	5
"Drama 1972"	14
"Drama 1999"	86
"Drama 2007"	106
"Fantasy 1951"	1
"Fantasy 1978"	3
"Fantasy 1980"	1
"Fantasy 2015"	21
"Film-Noir 1941"	2
"Film-Noir 1997"	3
"Film-Noir 2005"	3
"Horror 1967"	3
"Horror 1996"	11
"Horror 2004"	27
"Musical 1972"	2
"Musical 1999"	3
"Musical 2007"	8
"Mystery 1972"	3
"Mystery 1999"	8
"Mystery 2007"	9
"Romance 1943"	1
"Romance 1972"	2
"Romance 1999"	37
"Romance 2007"	41
"Sci-Fi 1959"	3
"Sci-Fi 1961"	3
"Sci-Fi 1988"	15
"Sci-Fi 1990"	16
"Thriller 1937"	1
"Thriller 1966"	2
"Thriller 1995"	34
"Thriller 2003"	49
"War 1976"	2
"War 2013"	4
"Western 1953"	2
"Western 2017"	2
"(no genres listed) 1992"	1
"Action 1959"	3
"Action 1961"	2
"Action 1988"	24
"Action 1990"	31
"Adventure 1959"	4
"Adventure 1961"	5
"Adventure 1988"	12
"Adventure 1990"	16
"Animation 1972"	1
"Animation 1999"	5
"Animation 2007"	20
"Children 1953"	2
"Children 1982"	3
"Children 2017"	9
"Comedy 1942"	5
"Comedy 1969"	7
"Comedy 1971"	11
"Comedy 1998"	72
"Comedy 2006"	94
"Crime 1943"	1
"Crime 1972"	1
"Crime 1999"	14
"Crime 2007"	31
"Documentary 1987"	1
"Drama 1946"	9
"Drama 1975"	13
"Drama 2012"	69
"Fantasy 1954"	1
"Fantasy 1983"	7
"Fantasy 2018"	7
"Film-Noir 1944"	2
"Film-Noir 2010"	1
"Horror 1943"	2
"Horror 1972"	2
"Horror 1999"	15
"Horror 2007"	33
"Musical 1946"	2
"Musical 1975"	2
"Musical 2012"	5
"Mystery 1946"	3
"Mystery 1975"	3
"Mystery 2012"	6
"Romance 1946"	5
"Romance 1975"	5
"Romance 2012"	20
"Sci-Fi 1964"	2
"Sci-Fi 1993"	13
"Sci-Fi 2001"	14
"Thriller 1942"	4
"Thriller 1969"	4
"Thriller 1971"	8
"Thriller 1998"	43
"Thriller 2006"	54
"War 1952"	1
"War 1979"	2
"War 1981"	4
"War 2016"	3
"Western 1956"	3
"Western 1985"	2
"(no genres listed) 1995"	2
"Action 1935"	1
"Action 1964"	5
"Action 1993"	37
"Action 2001"	34
"Adventure 1935"	2
"Adventure 1964"	4
"Adventure 1993"	17
"Adventure 2001"	20
"Animation 1946"	1
"Animation 1975"	1
"Animation 2012"	19
"Children 1985"	7
"Comedy 1945"	1
"Comedy 1974"	8
"Comedy 2009"	91
"Comedy 2011"	82
"Crime 1946"	2
"Crime 1975"	4
"Crime 2012"	27
"Documentary 1934"	2
"Documentary 1992"	5
"Documentary 2000"	9
"Drama 1949"	11
"Drama 1951"	5
"Drama 1978"	15
"Drama 1980"	24
"Drama 2015"	99
"Fantasy 1986"	7
"Film-Noir 1947"	4
"Horror 1975"	3
"Horror 2012"	21
"Musical 1949"	1
"Musical 1951"	4
"Musical 1978"	1
"Musical 1980"	3
"Musical 2015"	1
"Mystery 1949"	1
"Mystery 1978"	3
"Mystery 1980"	3
"Mystery 2015"	16
"Romance 1949"	6
"Romance 1951"	4
"Romance 1978"	2
"Romance 1980"	5
"Romance 2015"	21
"Sci-Fi 1940"	1
"Sci-Fi 1967"	3
"Sci-Fi 1996"	18
"Sci-Fi 2004"	26
"Thriller 1945"	2
"Thriller 1974"	8
"Thriller 2009"	52
"Thriller 2011"	47
"War 1955"	3
"War 1984"	4
"Western 1903"	1
"Western 1959"	1
"Western 1961"	1
"Western 1988"	2
"Western 1990"	4
"Action 1938"	1
"Action 1940"	2
"Action 1967"	6
"Action 1996"	32
"Action 2004"	54
"Adventure 1940"	1
"Adventure 1967"	4
"Adventure 1996"	30
"Adventure 2004"	35
"Animation 1951"	1
"Animation 1978"	2
"Animation 1980"	1
"Animation 2015"	18
"Children 1959"	3
"Children 1961"	2
"Children 1988"	7
"Children 1990"	5
"Comedy 1919"	1
"Comedy 1948"	3
"Comedy 1950"	6
"Comedy 1977"	18
"Comedy 2014"	105
"Crime 1949"	2
"Crime 1951"	1
"Crime 1978"	4
"Crime 1980"	5
"Crime 2015"	30
"Documentary 1995"	5
"Documentary 2003"	15
"Drama 1925"	2
"Drama 1954"	8
"Drama 1983"	21
"Drama 2018"	8
"Fantasy 1933"	2
"Fantasy 1962"	2
"Fantasy 1989"	11
"Fantasy 1991"	11
"Horror 1978"	10
"Horror 1980"	9
"Horror 2015"	35
"IMAX 2004"	2
"Musical 1954"	3
"Musical 1983"	3
"Mystery 1954"	2
"Mystery 1983"	4
"Mystery 2018"	5
"Romance 1925"	1
"Romance 1954"	4
"Romance 1983"	7
"Romance 2018"	1
"Sci-Fi 1972"	5
"Sci-Fi 1999"	13
"Sci-Fi 2007"	23
"Thriller 1948"	2
"Thriller 1950"	1
"Thriller 1977"	4
"Thriller 2014"	50
"War 1958"	3
"War 1960"	2
"War 1987"	7
"Western 1964"	1
"Western 1993"	3
"Western 2001"	3
